<?xml version="1.0" encoding="UTF-8"?>
<!-- Generated by org.testng.reporters.JUnitReportReporter -->
<testsuite hostname="DESKTOP-TI1U900" failures="0" tests="1" name="AutoTestPLT.PLTAutoTest2" time="61.091" errors="0" timestamp="2024-08-21T15:02:14 BST" skipped="0">
  <testcase classname="AutoTestPLT.PLTAutoTest2" name="mainTest" time="61.091"/>
  <system-out/>
</testsuite> <!-- AutoTestPLT.PLTAutoTest2 -->
