<?xml version="1.0" encoding="UTF-8"?>
<!-- Generated by org.testng.reporters.JUnitReportReporter -->
<testsuite hostname="DESKTOP-TI1U900" failures="0" tests="4" name="AutoTestPLT.TestComponents.PLTAutoTest2" time="56.807" errors="0" timestamp="2024-08-22T00:01:10 BST" skipped="0">
  <testcase classname="AutoTestPLT.TestComponents.PLTAutoTest2" name="oneTrust" time="2.127"/>
  <system-out/>
  <testcase classname="AutoTestPLT.TestComponents.PLTAutoTest2" name="navBar" time="4.915"/>
  <system-out/>
  <testcase classname="AutoTestPLT.TestComponents.PLTAutoTest2" name="PLP" time="4.610"/>
  <system-out/>
  <testcase classname="AutoTestPLT.TestComponents.PLTAutoTest2" name="PDP" time="45.155"/>
  <system-out/>
</testsuite> <!-- AutoTestPLT.TestComponents.PLTAutoTest2 -->
